<?xml version="1.0" encoding="UTF-8"?>
<testsuite xmlns:xsi="http://www.w3.org/2001/XMLSchema-instance" xsi:noNamespaceSchemaLocation="https://maven.apache.org/surefire/maven-surefire-plugin/xsd/surefire-test-report-3.0.xsd" version="3.0" name="com.example.service.StudentServiceTest" time="0.036" tests="9" errors="0" skipped="0" failures="2">
  <properties>
[...]
</properties>
  <testcase name="testAddNewStudentInvalidName" classname="com.example.service.StudentServiceTest" time="0.016">
    <failure message="Student name with numbers should not be allowed. ==&gt; expected: &lt;false&gt; but was: &lt;true&gt;" type="org.opentest4j.AssertionFailedError"><![CDATA[org.opentest4j.AssertionFailedError: Student name with numbers should not be allowed. ==> expected: <false> but was: <true>
	at org.junit.jupiter.api.AssertionFailureBuilder.build(AssertionFailureBuilder.java:151)
	at org.junit.jupiter.api.AssertionFailureBuilder.buildAndThrow(AssertionFailureBuilder.java:132)
	at org.junit.jupiter.api.AssertFalse.failNotFalse(AssertFalse.java:63)
	at org.junit.jupiter.api.AssertFalse.assertFalse(AssertFalse.java:36)
	at org.junit.jupiter.api.Assertions.assertFalse(Assertions.java:239)
	at com.example.service.StudentServiceTest.testAddNewStudentInvalidName(StudentServiceTest.java:59)
	at java.base/java.lang.reflect.Method.invoke(Method.java:580)
	at java.base/java.util.ArrayList.forEach(ArrayList.java:1597)
	at java.base/java.util.ArrayList.forEach(ArrayList.java:1597)
]]></failure>
    <system-out><![CDATA[Student added successfully
]]></system-out>
  </testcase>
  <testcase name="testSearchStudentByIdFound" classname="com.example.service.StudentServiceTest" time="0.001">
    <system-out><![CDATA[Student added successfully
]]></system-out>
  </testcase>
  <testcase name="testAddNewStudentDuplicateId" classname="com.example.service.StudentServiceTest" time="0.001">
    <system-out><![CDATA[Student added successfully
Error: student ID is used before
]]></system-out>
  </testcase>
  <testcase name="testRemoveStudentByIdNotFound" classname="com.example.service.StudentServiceTest" time="0.001">
    <system-out><![CDATA[Error: Student not found.
]]></system-out>
  </testcase>
  <testcase name="testAddNewStudentSuccess" classname="com.example.service.StudentServiceTest" time="0.001">
    <system-out><![CDATA[Student added successfully
]]></system-out>
  </testcase>
  <testcase name="testGetAllStudents" classname="com.example.service.StudentServiceTest" time="0">
    <system-out><![CDATA[Student added successfully
Student added successfully
]]></system-out>
  </testcase>
  <testcase name="testSearchStudentByIdNotFound" classname="com.example.service.StudentServiceTest" time="0"/>
  <testcase name="testAddNewStudentInvalidAge" classname="com.example.service.StudentServiceTest" time="0.002">
    <failure message="Student with age 0 should not be allowed. ==&gt; expected: &lt;false&gt; but was: &lt;true&gt;" type="org.opentest4j.AssertionFailedError"><![CDATA[org.opentest4j.AssertionFailedError: Student with age 0 should not be allowed. ==> expected: <false> but was: <true>
	at org.junit.jupiter.api.AssertionFailureBuilder.build(AssertionFailureBuilder.java:151)
	at org.junit.jupiter.api.AssertionFailureBuilder.buildAndThrow(AssertionFailureBuilder.java:132)
	at org.junit.jupiter.api.AssertFalse.failNotFalse(AssertFalse.java:63)
	at org.junit.jupiter.api.AssertFalse.assertFalse(AssertFalse.java:36)
	at org.junit.jupiter.api.Assertions.assertFalse(Assertions.java:239)
	at com.example.service.StudentServiceTest.testAddNewStudentInvalidAge(StudentServiceTest.java:72)
	at java.base/java.lang.reflect.Method.invoke(Method.java:580)
	at java.base/java.util.ArrayList.forEach(ArrayList.java:1597)
	at java.base/java.util.ArrayList.forEach(ArrayList.java:1597)
]]></failure>
    <system-out><![CDATA[Student added successfully
]]></system-out>
  </testcase>
  <testcase name="testRemoveStudentByIdSuccess" classname="com.example.service.StudentServiceTest" time="0.001">
    <system-out><![CDATA[Student added successfully
Student removed successfully.
]]></system-out>
  </testcase>
</testsuite>