<?xml version="1.0" encoding="UTF-8"?>
<testsuite xmlns:xsi="http://www.w3.org/2001/XMLSchema-instance" xsi:noNamespaceSchemaLocation="https://maven.apache.org/surefire/maven-surefire-plugin/xsd/surefire-test-report-3.0.xsd" version="3.0" name="com.example.service.StudentServiceTest" time="0.067" tests="9" errors="0" skipped="0" failures="0">
  <properties>
[...]
</properties>
  <testcase name="testAddNewStudentInvalidName" classname="com.example.service.StudentServiceTest" time="0.013">
    <system-out><![CDATA[Error: name can't contain numbers
Error: name can't contain numbers
Student added successfully
]]></system-out>
  </testcase>
  <testcase name="testSearchStudentByIdFound" classname="com.example.service.StudentServiceTest" time="0.002">
    <system-out><![CDATA[Student added successfully
]]></system-out>
  </testcase>
  <testcase name="testAddNewStudentDuplicateId" classname="com.example.service.StudentServiceTest" time="0">
    <system-out><![CDATA[Student added successfully
Error: student ID is used before
]]></system-out>
  </testcase>
  <testcase name="testRemoveStudentByIdNotFound" classname="com.example.service.StudentServiceTest" time="0.001">
    <system-out><![CDATA[Error: Student not found.
]]></system-out>
  </testcase>
  <testcase name="testAddNewStudentSuccess" classname="com.example.service.StudentServiceTest" time="0">
    <system-out><![CDATA[Student added successfully
]]></system-out>
  </testcase>
  <testcase name="testGetAllStudents" classname="com.example.service.StudentServiceTest" time="0">
    <system-out><![CDATA[Student added successfully
Student added successfully
]]></system-out>
  </testcase>
  <testcase name="testSearchStudentByIdNotFound" classname="com.example.service.StudentServiceTest" time="0.014"/>
  <testcase name="testAddNewStudentInvalidAge" classname="com.example.service.StudentServiceTest" time="0.001">
    <system-out><![CDATA[Error: age can't be less than 1
Error: age can't be less than 1
Student added successfully
]]></system-out>
  </testcase>
  <testcase name="testRemoveStudentByIdSuccess" classname="com.example.service.StudentServiceTest" time="0.001">
    <system-out><![CDATA[Student added successfully
Student removed successfully.
]]></system-out>
  </testcase>
</testsuite>